#
# There is insufficient memory for the Java Runtime Environment to continue.
# Native memory allocation (mmap) failed to map 481296384 bytes for committing reserved memory.
# Possible reasons:
#   The system is out of physical RAM or swap space
#   In 32 bit mode, the process size limit was hit
# Possible solutions:
#   Reduce memory load on the system
#   Increase physical memory or swap space
#   Check if swap backing store is full
#   Use 64 bit Java on a 64 bit OS
#   Decrease Java heap size (-Xmx/-Xms)
#   Decrease number of Java threads
#   Decrease Java thread stack sizes (-Xss)
#   Set larger code cache with -XX:ReservedCodeCacheSize=
# This output file may be truncated or incomplete.
#
#  Out of Memory Error (os_linux.cpp:2640), pid=17685, tid=0x00007fecc05a4700
#
# JRE version: Java(TM) SE Runtime Environment (8.0_181-b13) (build 1.8.0_181-b13)
# Java VM: Java HotSpot(TM) 64-Bit Server VM (25.181-b13 mixed mode linux-amd64 compressed oops)
# Failed to write core dump. Core dumps have been disabled. To enable core dumping, try "ulimit -c unlimited" before starting Java again
#

---------------  T H R E A D  ---------------

Current thread (0x00007fecd4087800):  VMThread [stack: 0x00007fecc04a5000,0x00007fecc05a5000] [id=17720]

Stack: [0x00007fecc04a5000,0x00007fecc05a5000],  sp=0x00007fecc05a30c0,  free space=1016k
Native frames: (J=compiled Java code, j=interpreted, Vv=VM code, C=native code)
V  [libjvm.so+0xad21aa]  VMError::report_and_die()+0x2ba
V  [libjvm.so+0x5022db]  report_vm_out_of_memory(char const*, int, unsigned long, VMErrorType, char const*)+0x8b
V  [libjvm.so+0x92fe33]  os::Linux::commit_memory_impl(char*, unsigned long, bool)+0x123
V  [libjvm.so+0x930059]  os::pd_commit_memory(char*, unsigned long, unsigned long, bool)+0x29
V  [libjvm.so+0x9272ba]  os::commit_memory(char*, unsigned long, unsigned long, bool)+0x2a
V  [libjvm.so+0x99d2e3]  PSVirtualSpace::expand_by(unsigned long)+0x53
V  [libjvm.so+0x98dba0]  PSOldGen::expand(unsigned long)+0x170
V  [libjvm.so+0x98ddab]  PSOldGen::resize(unsigned long)+0x1cb
V  [libjvm.so+0x995ab1]  PSParallelCompact::invoke_no_policy(bool)+0x991
V  [libjvm.so+0x99b40d]  PSScavenge::invoke()+0x1ad
V  [libjvm.so+0x951d70]  ParallelScavengeHeap::failed_mem_allocate(unsigned long)+0x70
V  [libjvm.so+0xad3c27]  VM_ParallelGCFailedAllocation::doit()+0x97
V  [libjvm.so+0xadb745]  VM_Operation::evaluate()+0x55
V  [libjvm.so+0xad9b0a]  VMThread::evaluate_operation(VM_Operation*)+0xba
V  [libjvm.so+0xad9e8e]  VMThread::loop()+0x1ce
V  [libjvm.so+0xada300]  VMThread::run()+0x70
V  [libjvm.so+0x930198]  java_start(Thread*)+0x108

VM_Operation (0x00007fecb379efc0): ParallelGCFailedAllocation, mode: safepoint, requested by thread 0x00007fecd4573000


---------------  P R O C E S S  ---------------

Java Threads: ( => current thread )
  0x00007fecd4011800 JavaThread "DestroyJavaVM" [_thread_blocked, id=17711, stack(0x00007fecda1ab000,0x00007fecda2ab000)]
  0x00007fecd4573000 JavaThread "pool-1-thread-1" [_thread_blocked, id=17759, stack(0x00007fecb36a1000,0x00007fecb37a2000)]
  0x00007fecd40ed800 JavaThread "Service Thread" daemon [_thread_blocked, id=17728, stack(0x00007fecb3b1f000,0x00007fecb3c20000)]
  0x00007fecd40d0000 JavaThread "C1 CompilerThread3" daemon [_thread_blocked, id=17727, stack(0x00007fecb3c21000,0x00007fecb3d21000)]
  0x00007fecd40ce000 JavaThread "C2 CompilerThread2" daemon [_thread_blocked, id=17726, stack(0x00007fecb80af000,0x00007fecb81af000)]
  0x00007fecd40cc000 JavaThread "C2 CompilerThread1" daemon [_thread_blocked, id=17725, stack(0x00007fecb81b0000,0x00007fecb82b0000)]
  0x00007fecd40c9800 JavaThread "C2 CompilerThread0" daemon [_thread_blocked, id=17724, stack(0x00007fecc00a1000,0x00007fecc01a1000)]
  0x00007fecd40c8000 JavaThread "Signal Dispatcher" daemon [_thread_blocked, id=17723, stack(0x00007fecc01a1000,0x00007fecc02a2000)]
  0x00007fecd4094000 JavaThread "Finalizer" daemon [_thread_blocked, id=17722, stack(0x00007fecc02a2000,0x00007fecc03a3000)]
  0x00007fecd4091800 JavaThread "Reference Handler" daemon [_thread_blocked, id=17721, stack(0x00007fecc03a3000,0x00007fecc04a4000)]

Other Threads:
=>0x00007fecd4087800 VMThread [stack: 0x00007fecc04a5000,0x00007fecc05a5000] [id=17720]
  0x00007fecd40f3000 WatcherThread [stack: 0x00007fecb3a1f000,0x00007fecb3b1f000] [id=17729]

VM state:at safepoint (normal execution)

VM Mutex/Monitor currently owned by a thread:  ([mutex/lock_event])
[0x00007fecd400d610] ExpandHeap_lock - owner thread: 0x00007fecd4087800
[0x00007fecd400dc90] Threads_lock - owner thread: 0x00007fecd4087800
[0x00007fecd400e190] Heap_lock - owner thread: 0x00007fecd4573000

Heap:
 PSYoungGen      total 652288K, used 0K [0x00000000d7200000, 0x0000000100000000, 0x0000000100000000)
  eden space 634880K, 0% used [0x00000000d7200000,0x00000000d7200000,0x00000000fde00000)
  from space 17408K, 0% used [0x00000000fde00000,0x00000000fde00000,0x00000000fef00000)
  to   space 17408K, 0% used [0x00000000fef00000,0x00000000fef00000,0x0000000100000000)
 ParOldGen       total 414720K, used 401753K [0x0000000085600000, 0x000000009eb00000, 0x00000000d7200000)
  object space 414720K, 96% used [0x0000000085600000,0x000000009de56668,0x000000009eb00000)
 Metaspace       used 17027K, capacity 17260K, committed 17664K, reserved 1064960K
  class space    used 1868K, capacity 1950K, committed 2048K, reserved 1048576K

Card table byte_map: [0x00007fecc39d1000,0x00007fecc3da7000] byte_map_base: 0x00007fecc35a6000

Marking Bits: (ParMarkBitMap*) 0x00007fecd967e0a0
 Begin Bits: [0x00007fecb82b0000, 0x00007fecba158000)
 End Bits:   [0x00007fecba158000, 0x00007fecbc000000)

Polling page: 0x00007fecda2f9000

CodeCache: size=245760Kb used=7916Kb max_used=8387Kb free=237843Kb
 bounds [0x00007fecc4167000, 0x00007fecc49c7000, 0x00007fecd3167000]
 total_blobs=2378 nmethods=2009 adapters=282
 compilation: enabled

Compilation events (10 events):
Event: 2514.763 Thread 0x00007fecd40d0000 2466       3       java.util.StringTokenizer::hasMoreElements (5 bytes)
Event: 2515.059 Thread 0x00007fecd40ce000 nmethod 2465 0x00007fecc4309f10 code [0x00007fecc430a100, 0x00007fecc430a848]
Event: 2515.061 Thread 0x00007fecd40d0000 nmethod 2466 0x00007fecc457d4d0 code [0x00007fecc457d640, 0x00007fecc457d8a8]
Event: 2515.099 Thread 0x00007fecd40d0000 2467 %     3       org.languagetool.tokenizers.en.EnglishWordTokenizer::tokenize @ 22 (104 bytes)
Event: 2515.177 Thread 0x00007fecd40d0000 nmethod 2467% 0x00007fecc4801b90 code [0x00007fecc4801e80, 0x00007fecc48035a8]
Event: 2515.180 Thread 0x00007fecd40cc000 2468       4       java.util.StringTokenizer::hasMoreElements (5 bytes)
Event: 2515.180 Thread 0x00007fecd40d0000 2469       3       org.languagetool.tokenizers.en.EnglishWordTokenizer::tokenize (104 bytes)
Event: 2515.202 Thread 0x00007fecd40d0000 nmethod 2469 0x00007fecc42949d0 code [0x00007fecc4294d80, 0x00007fecc4297008]
Event: 2515.212 Thread 0x00007fecd40c9800 2470 %     4       org.languagetool.tokenizers.en.EnglishWordTokenizer::tokenize @ 22 (104 bytes)
Event: 2518.194 Thread 0x00007fecd40cc000 nmethod 2468 0x00007fecc4593590 code [0x00007fecc4593720, 0x00007fecc4593b68]

GC Heap History (10 events):
Event: 934.293 GC heap after
Heap after GC invocations=1552 (full 7):
 PSYoungGen      total 639488K, used 160K [0x00000000d7200000, 0x0000000100000000, 0x0000000100000000)
  eden space 638976K, 0% used [0x00000000d7200000,0x00000000d7200000,0x00000000fe200000)
  from space 512K, 31% used [0x00000000fe200000,0x00000000fe228000,0x00000000fe280000)
  to   space 16896K, 0% used [0x00000000fef80000,0x00000000fef80000,0x0000000100000000)
 ParOldGen       total 827392K, used 792888K [0x0000000085600000, 0x00000000b7e00000, 0x00000000d7200000)
  object space 827392K, 95% used [0x0000000085600000,0x00000000b5c4e3c0,0x00000000b7e00000)
 Metaspace       used 16565K, capacity 16792K, committed 17152K, reserved 1064960K
  class space    used 1834K, capacity 1924K, committed 2048K, reserved 1048576K
}
Event: 934.293 GC heap before
{Heap before GC invocations=1553 (full 8):
 PSYoungGen      total 639488K, used 160K [0x00000000d7200000, 0x0000000100000000, 0x0000000100000000)
  eden space 638976K, 0% used [0x00000000d7200000,0x00000000d7200000,0x00000000fe200000)
  from space 512K, 31% used [0x00000000fe200000,0x00000000fe228000,0x00000000fe280000)
  to   space 16896K, 0% used [0x00000000fef80000,0x00000000fef80000,0x0000000100000000)
 ParOldGen       total 827392K, used 792888K [0x0000000085600000, 0x00000000b7e00000, 0x00000000d7200000)
  object space 827392K, 95% used [0x0000000085600000,0x00000000b5c4e3c0,0x00000000b7e00000)
 Metaspace       used 16565K, capacity 16792K, committed 17152K, reserved 1064960K
  class space    used 1834K, capacity 1924K, committed 2048K, reserved 1048576K
Event: 934.443 GC heap after
Heap after GC invocations=1553 (full 8):
 PSYoungGen      total 639488K, used 0K [0x00000000d7200000, 0x0000000100000000, 0x0000000100000000)
  eden space 638976K, 0% used [0x00000000d7200000,0x00000000d7200000,0x00000000fe200000)
  from space 512K, 0% used [0x00000000fe200000,0x00000000fe200000,0x00000000fe280000)
  to   space 16896K, 0% used [0x00000000fef80000,0x00000000fef80000,0x0000000100000000)
 ParOldGen       total 498688K, used 260183K [0x0000000085600000, 0x00000000a3d00000, 0x00000000d7200000)
  object space 498688K, 52% used [0x0000000085600000,0x0000000095415e10,0x00000000a3d00000)
 Metaspace       used 16565K, capacity 16792K, committed 17152K, reserved 1064960K
  class space    used 1834K, capacity 1924K, committed 2048K, reserved 1048576K
}
Event: 2503.219 GC heap before
{Heap before GC invocations=1554 (full 8):
 PSYoungGen      total 639488K, used 610021K [0x00000000d7200000, 0x0000000100000000, 0x0000000100000000)
  eden space 638976K, 95% used [0x00000000d7200000,0x00000000fc5b9650,0x00000000fe200000)
  from space 512K, 0% used [0x00000000fe200000,0x00000000fe200000,0x00000000fe280000)
  to   space 16896K, 0% used [0x00000000fef80000,0x00000000fef80000,0x0000000100000000)
 ParOldGen       total 498688K, used 260183K [0x0000000085600000, 0x00000000a3d00000, 0x00000000d7200000)
  object space 498688K, 52% used [0x0000000085600000,0x0000000095415e10,0x00000000a3d00000)
 Metaspace       used 17039K, capacity 17282K, committed 17664K, reserved 1064960K
  class space    used 1871K, capacity 1957K, committed 2048K, reserved 1048576K
Event: 2503.259 GC heap after
Heap after GC invocations=1554 (full 8):
 PSYoungGen      total 651776K, used 1357K [0x00000000d7200000, 0x0000000100000000, 0x0000000100000000)
  eden space 634880K, 0% used [0x00000000d7200000,0x00000000d7200000,0x00000000fde00000)
  from space 16896K, 8% used [0x00000000fef80000,0x00000000ff0d3548,0x0000000100000000)
  to   space 17408K, 0% used [0x00000000fde00000,0x00000000fde00000,0x00000000fef00000)
 ParOldGen       total 498688K, used 455065K [0x0000000085600000, 0x00000000a3d00000, 0x00000000d7200000)
  object space 498688K, 91% used [0x0000000085600000,0x00000000a12664a0,0x00000000a3d00000)
 Metaspace       used 17039K, capacity 17282K, committed 17664K, reserved 1064960K
  class space    used 1871K, capacity 1957K, committed 2048K, reserved 1048576K
}
Event: 2503.259 GC heap before
{Heap before GC invocations=1555 (full 9):
 PSYoungGen      total 651776K, used 1357K [0x00000000d7200000, 0x0000000100000000, 0x0000000100000000)
  eden space 634880K, 0% used [0x00000000d7200000,0x00000000d7200000,0x00000000fde00000)
  from space 16896K, 8% used [0x00000000fef80000,0x00000000ff0d3548,0x0000000100000000)
  to   space 17408K, 0% used [0x00000000fde00000,0x00000000fde00000,0x00000000fef00000)
 ParOldGen       total 498688K, used 455065K [0x0000000085600000, 0x00000000a3d00000, 0x00000000d7200000)
  object space 498688K, 91% used [0x0000000085600000,0x00000000a12664a0,0x00000000a3d00000)
 Metaspace       used 17039K, capacity 17282K, committed 17664K, reserved 1064960K
  class space    used 1871K, capacity 1957K, committed 2048K, reserved 1048576K
Event: 2503.412 GC heap after
Heap after GC invocations=1555 (full 9):
 PSYoungGen      total 651776K, used 0K [0x00000000d7200000, 0x0000000100000000, 0x0000000100000000)
  eden space 634880K, 0% used [0x00000000d7200000,0x00000000d7200000,0x00000000fde00000)
  from space 16896K, 0% used [0x00000000fef80000,0x00000000fef80000,0x0000000100000000)
  to   space 17408K, 0% used [0x00000000fde00000,0x00000000fde00000,0x00000000fef00000)
 ParOldGen       total 414720K, used 73236K [0x0000000085600000, 0x000000009eb00000, 0x00000000d7200000)
  object space 414720K, 17% used [0x0000000085600000,0x0000000089d85230,0x000000009eb00000)
 Metaspace       used 17026K, capacity 17260K, committed 17664K, reserved 1064960K
  class space    used 1868K, capacity 1950K, committed 2048K, reserved 1048576K
}
Event: 2519.083 GC heap before
{Heap before GC invocations=1556 (full 9):
 PSYoungGen      total 651776K, used 634880K [0x00000000d7200000, 0x0000000100000000, 0x0000000100000000)
  eden space 634880K, 100% used [0x00000000d7200000,0x00000000fde00000,0x00000000fde00000)
  from space 16896K, 0% used [0x00000000fef80000,0x00000000fef80000,0x0000000100000000)
  to   space 17408K, 0% used [0x00000000fde00000,0x00000000fde00000,0x00000000fef00000)
 ParOldGen       total 414720K, used 73236K [0x0000000085600000, 0x000000009eb00000, 0x00000000d7200000)
  object space 414720K, 17% used [0x0000000085600000,0x0000000089d85230,0x000000009eb00000)
 Metaspace       used 17027K, capacity 17260K, committed 17664K, reserved 1064960K
  class space    used 1868K, capacity 1950K, committed 2048K, reserved 1048576K
Event: 2519.481 GC heap after
Heap after GC invocations=1556 (full 9):
 PSYoungGen      total 652288K, used 17403K [0x00000000d7200000, 0x0000000100000000, 0x0000000100000000)
  eden space 634880K, 0% used [0x00000000d7200000,0x00000000d7200000,0x00000000fde00000)
  from space 17408K, 99% used [0x00000000fde00000,0x00000000feefec08,0x00000000fef00000)
  to   space 17408K, 0% used [0x00000000fef00000,0x00000000fef00000,0x0000000100000000)
 ParOldGen       total 414720K, used 384905K [0x0000000085600000, 0x000000009eb00000, 0x00000000d7200000)
  object space 414720K, 92% used [0x0000000085600000,0x000000009cde26d8,0x000000009eb00000)
 Metaspace       used 17027K, capacity 17260K, committed 17664K, reserved 1064960K
  class space    used 1868K, capacity 1950K, committed 2048K, reserved 1048576K
}
Event: 2519.481 GC heap before
{Heap before GC invocations=1557 (full 10):
 PSYoungGen      total 652288K, used 17403K [0x00000000d7200000, 0x0000000100000000, 0x0000000100000000)
  eden space 634880K, 0% used [0x00000000d7200000,0x00000000d7200000,0x00000000fde00000)
  from space 17408K, 99% used [0x00000000fde00000,0x00000000feefec08,0x00000000fef00000)
  to   space 17408K, 0% used [0x00000000fef00000,0x00000000fef00000,0x0000000100000000)
 ParOldGen       total 414720K, used 384905K [0x0000000085600000, 0x000000009eb00000, 0x00000000d7200000)
  object space 414720K, 92% used [0x0000000085600000,0x000000009cde26d8,0x000000009eb00000)
 Metaspace       used 17027K, capacity 17260K, committed 17664K, reserved 1064960K
  class space    used 1868K, capacity 1950K, committed 2048K, reserved 1048576K

Deoptimization events (10 events):
Event: 2343.730 Thread 0x00007fecd4573000 Uncommon trap: reason=class_check action=maybe_recompile pc=0x00007fecc4768004 method=java.util.regex.Matcher.search(I)Z @ 86
Event: 2343.730 Thread 0x00007fecd4573000 Uncommon trap: reason=class_check action=maybe_recompile pc=0x00007fecc4768004 method=java.util.regex.Matcher.search(I)Z @ 86
Event: 2343.745 Thread 0x00007fecd4573000 Uncommon trap: reason=unstable_if action=reinterpret pc=0x00007fecc43a2050 method=org.languagetool.rules.patterns.PatternTokenMatcher.resolveReference(I[Lorg/languagetool/AnalyzedTokenReadings;Lorg/languagetool/Language;)V @ 7
Event: 2343.747 Thread 0x00007fecd4573000 Uncommon trap: reason=class_check action=maybe_recompile pc=0x00007fecc48ccc94 method=java.util.zip.InflaterInputStream.read()I @ 11
Event: 2343.748 Thread 0x00007fecd4573000 Uncommon trap: reason=class_check action=maybe_recompile pc=0x00007fecc48ccc94 method=java.util.zip.InflaterInputStream.read()I @ 11
Event: 2343.748 Thread 0x00007fecd4573000 Uncommon trap: reason=class_check action=maybe_recompile pc=0x00007fecc48ccc94 method=java.util.zip.InflaterInputStream.read()I @ 11
Event: 2343.748 Thread 0x00007fecd4573000 Uncommon trap: reason=class_check action=maybe_recompile pc=0x00007fecc48ccc94 method=java.util.zip.InflaterInputStream.read()I @ 11
Event: 2343.784 Thread 0x00007fecd4573000 Uncommon trap: reason=unstable_if action=reinterpret pc=0x00007fecc47e9f6c method=org.languagetool.tools.StringTools.isEmpty(Ljava/lang/String;)Z @ 1
Event: 2343.804 Thread 0x00007fecd4573000 Uncommon trap: reason=unstable_if action=reinterpret pc=0x00007fecc46d8a44 method=java.util.regex.Pattern.compile()V @ 126
Event: 2503.465 Thread 0x00007fecd4573000 Uncommon trap: reason=unstable_if action=reinterpret pc=0x00007fecc48146f0 method=com.google.gson.stream.JsonReader.nextQuotedValue(C)Ljava/lang/String; @ 33

Classes redefined (0 events):
No events

Internal exceptions (10 events):
Event: 3.814 Thread 0x00007fecd4573000 Exception <a 'java/security/PrivilegedActionException'> (0x00000000d8499888) thrown at [/HUDSON/workspace/8-2-build-linux-amd64/jdk8u181/11358/hotspot/src/share/vm/prims/jvm.cpp, line 1435]
Event: 3.814 Thread 0x00007fecd4573000 Exception <a 'java/security/PrivilegedActionException'> (0x00000000d8499c80) thrown at [/HUDSON/workspace/8-2-build-linux-amd64/jdk8u181/11358/hotspot/src/share/vm/prims/jvm.cpp, line 1435]
Event: 4.106 Thread 0x00007fecd4573000 Exception <a 'java/lang/NoClassDefFoundError': org/apache/log4j/Priority> (0x00000000d86c3fe0) thrown at [/HUDSON/workspace/8-2-build-linux-amd64/jdk8u181/11358/hotspot/src/share/vm/classfile/systemDictionary.cpp, line 199]
Event: 4.146 Thread 0x00007fecd4573000 Implicit null exception at 0x00007fecc43af875 to 0x00007fecc43afc29
Event: 583.001 Thread 0x00007fecd4573000 Implicit null exception at 0x00007fecc489faba to 0x00007fecc489fd35
Event: 583.026 Thread 0x00007fecd4573000 Implicit null exception at 0x00007fecc48a8be5 to 0x00007fecc48a8d85
Event: 583.113 Thread 0x00007fecd4573000 Implicit null exception at 0x00007fecc48b6785 to 0x00007fecc48b71e1
Event: 934.186 Thread 0x00007fecd4573000 Exception <a 'java/lang/NullPointerException'> (0x00000000f4e2fc68) thrown at [/HUDSON/workspace/8-2-build-linux-amd64/jdk8u181/11358/hotspot/src/share/vm/interpreter/linkResolver.cpp, line 1185]
Event: 934.186 Thread 0x00007fecd4573000 Exception <a 'java/lang/reflect/InvocationTargetException'> (0x00000000f4e30058) thrown at [/HUDSON/workspace/8-2-build-linux-amd64/jdk8u181/11358/hotspot/src/share/vm/runtime/reflection.cpp, line 1092]
Event: 2343.784 Thread 0x00007fecd4573000 Implicit null exception at 0x00007fecc47e9f2c to 0x00007fecc47e9f5d

Events (10 events):
Event: 2343.804 Thread 0x00007fecd4573000 DEOPT PACKING pc=0x00007fecc46d8a44 sp=0x00007fecb379ea30
Event: 2343.804 Thread 0x00007fecd4573000 DEOPT UNPACKING pc=0x00007fecc41ac73a sp=0x00007fecb379ea48 mode 2
Event: 2503.210 Executing VM operation: ParallelGCFailedAllocation
Event: 2503.412 Executing VM operation: ParallelGCFailedAllocation done
Event: 2503.465 Thread 0x00007fecd4573000 Uncommon trap: trap_request=0xffffff65 fr.pc=0x00007fecc48146f0
Event: 2503.465 Thread 0x00007fecd4573000 DEOPT PACKING pc=0x00007fecc48146f0 sp=0x00007fecb379fa10
Event: 2503.465 Thread 0x00007fecd4573000 DEOPT UNPACKING pc=0x00007fecc41ac73a sp=0x00007fecb379f9f0 mode 2
Event: 2514.039 Thread 0x00007fecd4573000 DEOPT PACKING pc=0x00007fecc47a813f sp=0x00007fecb379f190
Event: 2514.046 Thread 0x00007fecd4573000 DEOPT UNPACKING pc=0x00007fecc41ae784 sp=0x00007fecb379ef20 mode 0
Event: 2519.042 Executing VM operation: ParallelGCFailedAllocation


Dynamic libraries:
00400000-00401000 r-xp 00000000 08:07 1707474                            /usr/lib/jvm/java-8-oracle/jre/bin/java
00600000-00601000 rw-p 00000000 08:07 1707474                            /usr/lib/jvm/java-8-oracle/jre/bin/java
01965000-01986000 rw-p 00000000 00:00 0                                  [heap]
85600000-9eb00000 rw-p 00000000 00:00 0 
bb600000-d7200000 ---p 00000000 00:00 0 
d7200000-100000000 rw-p 00000000 00:00 0 
100000000-100200000 rw-p 00000000 00:00 0 
100200000-140000000 ---p 00000000 00:00 0 
7fec5c000000-7fec5c5cf000 rw-p 00000000 00:00 0 
7fec5c5cf000-7fec60000000 ---p 00000000 00:00 0 
7fec64000000-7fec64021000 rw-p 00000000 00:00 0 
7fec64021000-7fec68000000 ---p 00000000 00:00 0 
7fec68000000-7fec68021000 rw-p 00000000 00:00 0 
7fec68021000-7fec6c000000 ---p 00000000 00:00 0 
7fec6c000000-7fec6ca10000 rw-p 00000000 00:00 0 
7fec6ca10000-7fec70000000 ---p 00000000 00:00 0 
7fec70000000-7fec70aa7000 rw-p 00000000 00:00 0 
7fec70aa7000-7fec74000000 ---p 00000000 00:00 0 
7fec74000000-7fec74960000 rw-p 00000000 00:00 0 
7fec74960000-7fec78000000 ---p 00000000 00:00 0 
7fec78000000-7fec78f0e000 rw-p 00000000 00:00 0 
7fec78f0e000-7fec7c000000 ---p 00000000 00:00 0 
7fec7c000000-7fec7c021000 rw-p 00000000 00:00 0 
7fec7c021000-7fec80000000 ---p 00000000 00:00 0 
7fec80000000-7fec80021000 rw-p 00000000 00:00 0 
7fec80021000-7fec84000000 ---p 00000000 00:00 0 
7fec84000000-7fec842bc000 rw-p 00000000 00:00 0 
7fec842bc000-7fec88000000 ---p 00000000 00:00 0 
7fec88000000-7fec88021000 rw-p 00000000 00:00 0 
7fec88021000-7fec8c000000 ---p 00000000 00:00 0 
7fec8c000000-7fec8c027000 rw-p 00000000 00:00 0 
7fec8c027000-7fec90000000 ---p 00000000 00:00 0 
7fec94000000-7fec942ba000 rw-p 00000000 00:00 0 
7fec942ba000-7fec98000000 ---p 00000000 00:00 0 
7fec98000000-7fec9876b000 rw-p 00000000 00:00 0 
7fec9876b000-7fec9c000000 ---p 00000000 00:00 0 
7fec9c000000-7fec9c046000 rw-p 00000000 00:00 0 
7fec9c046000-7feca0000000 ---p 00000000 00:00 0 
7feca4000000-7feca4027000 rw-p 00000000 00:00 0 
7feca4027000-7feca8000000 ---p 00000000 00:00 0 
7fecac000000-7fecac021000 rw-p 00000000 00:00 0 
7fecac021000-7fecb0000000 ---p 00000000 00:00 0 
7fecb2e4c000-7fecb2f8c000 rw-p 00000000 00:00 0 
7fecb2f8c000-7fecb304c000 ---p 00000000 00:00 0 
7fecb304c000-7fecb324c000 rw-p 00000000 00:00 0 
7fecb324c000-7fecb344c000 rw-p 00000000 00:00 0 
7fecb344c000-7fecb345f000 r--s 00345000 08:07 1707618                    /usr/lib/jvm/java-8-oracle/jre/lib/resources.jar
7fecb345f000-7fecb365f000 rw-p 00000000 00:00 0 
7fecb365f000-7fecb3663000 r--s 003c2000 08:06 1188795                    /home/rashad/.vscode/extensions/adamvoss.vscode-languagetool-en-3.8.0/lib/language-en-3.8.jar
7fecb3663000-7fecb3677000 r--s 000fb000 08:06 1188799                    /home/rashad/.vscode/extensions/adamvoss.vscode-languagetool-en-3.8.0/lib/opennlp-tools-1.7.2.jar
7fecb3677000-7fecb367b000 r--s 00024000 08:06 1579976                    /home/rashad/.vscode/extensions/adamvoss.vscode-languagetool-3.8.0/lib/languagetool-languageserver/build/install/languagetool-languageserver/lib/jsonic-1.2.11.jar
7fecb367b000-7fecb3685000 r--s 00116000 08:07 1707648                    /usr/lib/jvm/java-8-oracle/jre/lib/ext/localedata.jar
7fecb3685000-7fecb36a1000 r--s 00393000 08:07 1707641                    /usr/lib/jvm/java-8-oracle/jre/lib/ext/cldrdata.jar
7fecb36a1000-7fecb36a4000 ---p 00000000 00:00 0 
7fecb36a4000-7fecb37a2000 rw-p 00000000 00:00 0 
7fecb37a2000-7fecb37b8000 r-xp 00000000 08:07 1707796                    /usr/lib/jvm/java-8-oracle/jre/lib/amd64/libnet.so
7fecb37b8000-7fecb39b8000 ---p 00016000 08:07 1707796                    /usr/lib/jvm/java-8-oracle/jre/lib/amd64/libnet.so
7fecb39b8000-7fecb39b9000 rw-p 00016000 08:07 1707796                    /usr/lib/jvm/java-8-oracle/jre/lib/amd64/libnet.so
7fecb39b9000-7fecb3a1e000 r--s 00abc000 08:06 1579971                    /home/rashad/.vscode/extensions/adamvoss.vscode-languagetool-3.8.0/lib/languagetool-languageserver/build/install/languagetool-languageserver/lib/icu4j-58.1.jar
7fecb3a1e000-7fecb3a1f000 ---p 00000000 00:00 0 
7fecb3a1f000-7fecb3b1f000 rw-p 00000000 00:00 0 
7fecb3b1f000-7fecb3b22000 ---p 00000000 00:00 0 
7fecb3b22000-7fecb3c20000 rw-p 00000000 00:00 0 
7fecb3c20000-7fecb3c21000 ---p 00000000 00:00 0 
7fecb3c21000-7fecb3c24000 ---p 00000000 00:00 0 
7fecb3c24000-7fecb3d21000 rw-p 00000000 00:00 0 
7fecb3d21000-7fecb4000000 r--p 00000000 08:07 393595                     /usr/lib/locale/locale-archive
7fecb4000000-7fecb4d12000 rw-p 00000000 00:00 0 
7fecb4d12000-7fecb8000000 ---p 00000000 00:00 0 
7fecb8000000-7fecb8001000 r--s 00271000 08:06 1188796                    /home/rashad/.vscode/extensions/adamvoss.vscode-languagetool-en-3.8.0/lib/opennlp-chunk-models-1.5.jar
7fecb8001000-7fecb8002000 r--s 0006b000 08:06 1188798                    /home/rashad/.vscode/extensions/adamvoss.vscode-languagetool-en-3.8.0/lib/opennlp-tokenize-models-1.5.jar
7fecb8002000-7fecb8003000 r--s 0056f000 08:06 1188797                    /home/rashad/.vscode/extensions/adamvoss.vscode-languagetool-en-3.8.0/lib/opennlp-postag-models-1.5.jar
7fecb8003000-7fecb8006000 r--s 0001a000 08:07 1707812                    /usr/lib/jvm/java-8-oracle/jre/lib/jce.jar
7fecb8006000-7fecb800b000 r--s 0009d000 08:07 1707637                    /usr/lib/jvm/java-8-oracle/jre/lib/jsse.jar
7fecb800b000-7fecb8011000 r--s 0003e000 08:06 1579992                    /home/rashad/.vscode/extensions/adamvoss.vscode-languagetool-3.8.0/lib/languagetool-languageserver/build/install/languagetool-languageserver/lib/org.eclipse.lsp4j-0.2.0.jar
7fecb8011000-7fecb8013000 r--s 00008000 08:06 1579965                    /home/rashad/.vscode/extensions/adamvoss.vscode-languagetool-3.8.0/lib/languagetool-languageserver/build/install/languagetool-languageserver/lib/flexmark-youtrack-converter-0.19.1.jar
7fecb8013000-7fecb8015000 r--s 0000e000 08:06 1579933                    /home/rashad/.vscode/extensions/adamvoss.vscode-languagetool-3.8.0/lib/languagetool-languageserver/build/install/languagetool-languageserver/lib/commons-logging-1.2.jar
7fecb8015000-7fecb8016000 r--s 00003000 08:06 1579930                    /home/rashad/.vscode/extensions/adamvoss.vscode-languagetool-3.8.0/lib/languagetool-languageserver/build/install/languagetool-languageserver/lib/autolink-0.6.0.jar
7fecb8016000-7fecb801c000 r--s 00163000 08:06 1579966                    /home/rashad/.vscode/extensions/adamvoss.vscode-languagetool-3.8.0/lib/languagetool-languageserver/build/install/languagetool-languageserver/lib/fontbox-2.0.4.jar
7fecb801c000-7fecb801d000 r--s 00004000 08:06 1579984                    /home/rashad/.vscode/extensions/adamvoss.vscode-languagetool-3.8.0/lib/languagetool-languageserver/build/install/languagetool-languageserver/lib/morfologik-fsa-2.1.3.jar
7fecb801d000-7fecb8025000 r--s 00045000 08:06 1579978                    /home/rashad/.vscode/extensions/adamvoss.vscode-languagetool-3.8.0/lib/languagetool-languageserver/build/install/languagetool-languageserver/lib/junit-4.12.jar
7fecb8025000-7fecb8027000 r--s 00006000 08:06 1579956                    /home/rashad/.vscode/extensions/adamvoss.vscode-languagetool-3.8.0/lib/languagetool-languageserver/build/install/languagetool-languageserver/lib/flexmark-ext-xwiki-macros-0.19.1.jar
7fecb8027000-7fecb8029000 r--s 00008000 08:06 1579950                    /home/rashad/.vscode/extensions/adamvoss.vscode-languagetool-3.8.0/lib/languagetool-languageserver/build/install/languagetool-languageserver/lib/flexmark-ext-spec-example-0.19.1.jar
7fecb8029000-7fecb802b000 r--s 00000000 08:06 1579961                    /home/rashad/.vscode/extensions/adamvoss.vscode-languagetool-3.8.0/lib/languagetool-languageserver/build/install/languagetool-languageserver/lib/flexmark-pdf-converter-0.19.1.jar
7fecb802b000-7fecb802e000 r--s 00007000 08:06 1579940                    /home/rashad/.vscode/extensions/adamvoss.vscode-languagetool-3.8.0/lib/languagetool-languageserver/build/install/languagetool-languageserver/lib/flexmark-ext-definition-0.19.1.jar
7fecb802e000-7fecb8030000 r--s 00039000 08:06 1579963                    /home/rashad/.vscode/extensions/adamvoss.vscode-languagetool-3.8.0/lib/languagetool-languageserver/build/install/languagetool-languageserver/lib/flexmark-test-util-0.19.1.jar
7fecb8030000-7fecb8035000 r--s 00034000 08:06 1579967                    /home/rashad/.vscode/extensions/adamvoss.vscode-languagetool-3.8.0/lib/languagetool-languageserver/build/install/languagetool-languageserver/lib/gson-2.7.jar
7fecb8035000-7fecb8037000 r--s 0000c000 08:06 1579987                    /home/rashad/.vscode/extensions/adamvoss.vscode-languagetool-3.8.0/lib/languagetool-languageserver/build/install/languagetool-languageserver/lib/morfologik-stemming-2.1.3.jar
7fecb8037000-7fecb8039000 r--s 00003000 08:06 1579981                    /home/rashad/.vscode/extensions/adamvoss.vscode-languagetool-3.8.0/lib/languagetool-languageserver/build/install/languagetool-languageserver/lib/languagetool-languageserver-0.0-SNAPSHOT.jar
7fecb8039000-7fecb803a000 r--s 00007000 08:06 1579985                    /home/rashad/.vscode/extensions/adamvoss.vscode-languagetool-3.8.0/lib/languagetool-languageserver/build/install/languagetool-languageserver/lib/morfologik-fsa-builders-2.1.3.jar
7fecb803a000-7fecb803c000 r--s 00005000 08:06 1579955                    /home/rashad/.vscode/extensions/adamvoss.vscode-languagetool-3.8.0/lib/languagetool-languageserver/build/install/languagetool-languageserver/lib/flexmark-ext-wikilink-0.19.1.jar
7fecb803c000-7fecb803e000 r--s 00003000 08:06 1579948                    /home/rashad/.vscode/extensions/adamvoss.vscode-languagetool-3.8.0/lib/languagetool-languageserver/build/install/languagetool-languageserver/lib/flexmark-ext-jekyll-front-matter-0.19.1.jar
7fecb803e000-7fecb8042000 r--s 00021000 08:06 1579997                    /home/rashad/.vscode/extensions/adamvoss.vscode-languagetool-3.8.0/lib/languagetool-languageserver/build/install/languagetool-languageserver/lib/org.eclipse.xtext.xbase.lib-2.12.0.jar
7fecb8042000-7fecb8044000 r--s 00010000 08:06 1579958                    /home/rashad/.vscode/extensions/adamvoss.vscode-languagetool-3.8.0/lib/languagetool-languageserver/build/install/languagetool-languageserver/lib/flexmark-formatter-0.19.1.jar
7fecb8044000-7fecb8048000 r--s 0000f000 08:06 1579996                    /home/rashad/.vscode/extensions/adamvoss.vscode-languagetool-3.8.0/lib/languagetool-languageserver/build/install/languagetool-languageserver/lib/org.eclipse.xtend.lib.macro-2.12.0.jar
7fecb8048000-7fecb804b000 r--s 00011000 08:06 1579999                    /home/rashad/.vscode/extensions/adamvoss.vscode-languagetool-3.8.0/lib/languagetool-languageserver/build/install/languagetool-languageserver/lib/segment-2.0.0.jar
7fecb804b000-7fecb804d000 r--s 0001c000 08:06 1579990                    /home/rashad/.vscode/extensions/adamvoss.vscode-languagetool-3.8.0/lib/languagetool-languageserver/build/install/languagetool-languageserver/lib/openhtmltopdf-pdfbox-0.0.1-RC9.jar
7fecb804d000-7fecb8061000 r--s 00119000 08:06 1579988                    /home/rashad/.vscode/extensions/adamvoss.vscode-languagetool-3.8.0/lib/languagetool-languageserver/build/install/languagetool-languageserver/lib/openhtmltopdf-core-0.0.1-RC9.jar
7fecb8061000-7fecb8067000 r--s 00050000 08:06 1579977                    /home/rashad/.vscode/extensions/adamvoss.vscode-languagetool-3.8.0/lib/languagetool-languageserver/build/install/languagetool-languageserver/lib/jsoup-1.10.2.jar
7fecb8067000-7fecb8068000 r--s 00001000 08:06 1579939                    /home/rashad/.vscode/extensions/adamvoss.vscode-languagetool-3.8.0/lib/languagetool-languageserver/build/install/languagetool-languageserver/lib/flexmark-ext-autolink-0.19.1.jar
7fecb8068000-7fecb806a000 r--s 00008000 08:06 1579960                    /home/rashad/.vscode/extensions/adamvoss.vscode-languagetool-3.8.0/lib/languagetool-languageserver/build/install/languagetool-languageserver/lib/flexmark-jira-converter-0.19.1.jar
7fecb806a000-7fecb806b000 r--s 00001000 08:06 1579962                    /home/rashad/.vscode/extensions/adamvoss.vscode-languagetool-3.8.0/lib/languagetool-languageserver/build/install/languagetool-languageserver/lib/flexmark-profile-pegdown-0.19.1.jar
7fecb806b000-7fecb806d000 r--s 00009000 08:06 1579969                    /home/rashad/.vscode/extensions/adamvoss.vscode-languagetool-3.8.0/lib/languagetool-languageserver/build/install/languagetool-languageserver/lib/hamcrest-core-1.3.jar
7fecb806d000-7fecb806f000 r--s 00008000 08:06 1579943                    /home/rashad/.vscode/extensions/adamvoss.vscode-languagetool-3.8.0/lib/languagetool-languageserver/build/install/languagetool-languageserver/lib/flexmark-ext-footnotes-0.19.1.jar
7fecb806f000-7fecb8077000 r--s 0006e000 08:06 1579932                    /home/rashad/.vscode/extensions/adamvoss.vscode-languagetool-3.8.0/lib/languagetool-languageserver/build/install/languagetool-languageserver/lib/commons-lang3-3.5.jar
7fecb8077000-7fecb8078000 r--s 00004000 08:06 1579989                    /home/rashad/.vscode/extensions/adamvoss.vscode-languagetool-3.8.0/lib/languagetool-languageserver/build/install/languagetool-languageserver/lib/openhtmltopdf-jsoup-dom-converter-0.0.1-RC9.jar
7fecb8078000-7fecb807c000 r--s 001c7000 08:06 1579979                    /home/rashad/.vscode/extensions/adamvoss.vscode-languagetool-3.8.0/lib/languagetool-languageserver/build/install/languagetool-languageserver/lib/language-detector-0.6.jar
7fecb807c000-7fecb807e000 r--s 00005000 08:06 1579946                    /home/rashad/.vscode/extensions/adamvoss.vscode-languagetool-3.8.0/lib/languagetool-languageserver/build/install/languagetool-languageserver/lib/flexmark-ext-gfm-tasklist-0.19.1.jar
7fecb807e000-7fecb8080000 r--s 00006000 08:06 1580000                    /home/rashad/.vscode/extensions/adamvoss.vscode-languagetool-3.8.0/lib/languagetool-languageserver/build/install/languagetool-languageserver/lib/slf4j-api-1.7.6.jar
7fecb8080000-7fecb8083000 r--s 00012000 08:06 1579953                    /home/rashad/.vscode/extensions/adamvoss.vscode-languagetool-3.8.0/lib/languagetool-languageserver/build/install/languagetool-languageserver/lib/flexmark-ext-toc-0.19.1.jar
7fecb8083000-7fecb80a4000 r--s 00177000 08:06 1579970                    /home/rashad/.vscode/extensions/adamvoss.vscode-languagetool-3.8.0/lib/languagetool-languageserver/build/install/languagetool-languageserver/lib/hppc-0.7.2.jar
7fecb80a4000-7fecb80a9000 r--s 00024000 08:06 1579995                    /home/rashad/.vscode/extensions/adamvoss.vscode-languagetool-3.8.0/lib/languagetool-languageserver/build/install/languagetool-languageserver/lib/org.eclipse.xtend.lib-2.12.0.jar
7fecb80a9000-7fecb80ae000 r--s 00039000 08:06 1579931                    /home/rashad/.vscode/extensions/adamvoss.vscode-languagetool-3.8.0/lib/languagetool-languageserver/build/install/languagetool-languageserver/lib/berkeleylm-1.1.2.jar
7fecb80ae000-7fecb80af000 ---p 00000000 00:00 0 
7fecb80af000-7fecb80b2000 ---p 00000000 00:00 0 
7fecb80b2000-7fecb81af000 rw-p 00000000 00:00 0 
7fecb81af000-7fecb81b0000 ---p 00000000 00:00 0 
7fecb81b0000-7fecb81b3000 ---p 00000000 00:00 0 
7fecb81b3000-7fecbc000000 rw-p 00000000 00:00 0 
7fecbc000000-7fecbc02d000 rw-p 00000000 00:00 0 
7fecbc02d000-7fecc0000000 ---p 00000000 00:00 0 
7fecc0000000-7fecc0001000 r--s 00004000 08:06 1579929                    /home/rashad/.vscode/extensions/adamvoss.vscode-languagetool-3.8.0/lib/languagetool-languageserver/build/install/languagetool-languageserver/lib/annotations-12.0.jar
7fecc0001000-7fecc0003000 r--s 00004000 08:06 1579954                    /home/rashad/.vscode/extensions/adamvoss.vscode-languagetool-3.8.0/lib/languagetool-languageserver/build/install/languagetool-languageserver/lib/flexmark-ext-typographic-0.19.1.jar
7fecc0003000-7fecc0004000 r--s 00003000 08:06 1579986                    /home/rashad/.vscode/extensions/adamvoss.vscode-languagetool-3.8.0/lib/languagetool-languageserver/build/install/languagetool-languageserver/lib/morfologik-speller-2.1.3.jar
7fecc0004000-7fecc0008000 r--s 00041000 08:06 1579973                    /home/rashad/.vscode/extensions/adamvoss.vscode-languagetool-3.8.0/lib/languagetool-languageserver/build/install/languagetool-languageserver/lib/jackson-core-2.8.4.jar
7fecc0008000-7fecc0009000 r--s 00005000 08:06 1579991                    /home/rashad/.vscode/extensions/adamvoss.vscode-languagetool-3.8.0/lib/languagetool-languageserver/build/install/languagetool-languageserver/lib/openhtmltopdf-rtl-support-0.0.1-RC9.jar
7fecc0009000-7fecc000b000 r--s 00006000 08:06 1579944                    /home/rashad/.vscode/extensions/adamvoss.vscode-languagetool-3.8.0/lib/languagetool-languageserver/build/install/languagetool-languageserver/lib/flexmark-ext-gfm-strikethrough-0.19.1.jar
7fecc000b000-7fecc000d000 r--s 00003000 08:06 1579957                    /home/rashad/.vscode/extensions/adamvoss.vscode-languagetool-3.8.0/lib/languagetool-languageserver/build/install/languagetool-languageserver/lib/flexmark-ext-yaml-front-matter-0.19.1.jar
7fecc000d000-7fecc0010000 r--s 0000b000 08:06 1579972                    /home/rashad/.vscode/extensions/adamvoss.vscode-languagetool-3.8.0/lib/languagetool-languageserver/build/install/languagetool-languageserver/lib/jackson-annotations-2.8.0.jar
7fecc0010000-7fecc003f000 r--s 00239000 08:06 1579968                    /home/rashad/.vscode/extensions/adamvoss.vscode-languagetool-3.8.0/lib/languagetool-languageserver/build/install/languagetool-languageserver/lib/guava-21.0.jar
7fecc003f000-7fecc0041000 r--s 00013000 08:06 1579994                    /home/rashad/.vscode/extensions/adamvoss.vscode-languagetool-3.8.0/lib/languagetool-languageserver/build/install/languagetool-languageserver/lib/org.eclipse.lsp4j.jsonrpc-0.2.0.jar
7fecc0041000-7fecc0043000 r--s 00002000 08:06 1579951                    /home/rashad/.vscode/extensions/adamvoss.vscode-languagetool-3.8.0/lib/languagetool-languageserver/build/install/languagetool-languageserver/lib/flexmark-ext-superscript-0.19.1.jar
7fecc0043000-7fecc0045000 r--s 00002000 08:06 1579942                    /home/rashad/.vscode/extensions/adamvoss.vscode-languagetool-3.8.0/lib/languagetool-languageserver/build/install/languagetool-languageserver/lib/flexmark-ext-escaped-character-0.19.1.jar
7fecc0045000-7fecc0049000 r--s 00107000 08:06 1579975                    /home/rashad/.vscode/extensions/adamvoss.vscode-languagetool-3.8.0/lib/languagetool-languageserver/build/install/languagetool-languageserver/lib/jna-4.4.0.jar
7fecc0049000-7fecc004b000 r--s 0000d000 08:06 1579952                    /home/rashad/.vscode/extensions/adamvoss.vscode-languagetool-3.8.0/lib/languagetool-languageserver/build/install/languagetool-languageserver/lib/flexmark-ext-tables-0.19.1.jar
7fecc004b000-7fecc005d000 r--s 0011c000 08:06 1579974                    /home/rashad/.vscode/extensions/adamvoss.vscode-languagetool-3.8.0/lib/languagetool-languageserver/build/install/languagetool-languageserver/lib/jackson-databind-2.8.4.jar
7fecc005d000-7fecc0063000 r--s 0003e000 08:06 1579964                    /home/rashad/.vscode/extensions/adamvoss.vscode-languagetool-3.8.0/lib/languagetool-languageserver/build/install/languagetool-languageserver/lib/flexmark-util-0.19.1.jar
7fecc0063000-7fecc008a000 r--s 0021c000 08:06 1579983                    /home/rashad/.vscode/extensions/adamvoss.vscode-languagetool-3.8.0/lib/languagetool-languageserver/build/install/languagetool-languageserver/lib/lucene-core-5.5.3.jar
7fecc008a000-7fecc00a0000 r--s 00241000 08:06 1579998                    /home/rashad/.vscode/extensions/adamvoss.vscode-languagetool-3.8.0/lib/languagetool-languageserver/build/install/languagetool-languageserver/lib/pdfbox-2.0.4.jar
7fecc00a0000-7fecc00a1000 ---p 00000000 00:00 0 
7fecc00a1000-7fecc00a4000 ---p 00000000 00:00 0 
7fecc00a4000-7fecc01a1000 rw-p 00000000 00:00 0 
7fecc01a1000-7fecc01a4000 ---p 00000000 00:00 0 
7fecc01a4000-7fecc02a2000 rw-p 00000000 00:00 0 
7fecc02a2000-7fecc02a5000 ---p 00000000 00:00 0 
7fecc02a5000-7fecc03a3000 rw-p 00000000 00:00 0 
7fecc03a3000-7fecc03a6000 ---p 00000000 00:00 0 
7fecc03a6000-7fecc04a4000 rw-p 00000000 00:00 0 
7fecc04a4000-7fecc04a5000 ---p 00000000 00:00 0 
7fecc04a5000-7fecc2217000 rw-p 00000000 00:00 0 
7fecc2217000-7fecc23f1000 r--s 03d6b000 08:07 1707580                    /usr/lib/jvm/java-8-oracle/jre/lib/rt.jar
7fecc23f1000-7fecc303c000 rw-p 00000000 00:00 0 
7fecc303c000-7fecc303d000 ---p 00000000 00:00 0 
7fecc303d000-7fecc313d000 rw-p 00000000 00:00 0 
7fecc313d000-7fecc313e000 ---p 00000000 00:00 0 
7fecc313e000-7fecc323e000 rw-p 00000000 00:00 0 
7fecc323e000-7fecc323f000 ---p 00000000 00:00 0 
7fecc323f000-7fecc333f000 rw-p 00000000 00:00 0 
7fecc333f000-7fecc3340000 ---p 00000000 00:00 0 
7fecc3340000-7fecc3440000 rw-p 00000000 00:00 0 
7fecc3440000-7fecc3441000 ---p 00000000 00:00 0 
7fecc3441000-7fecc3541000 rw-p 00000000 00:00 0 
7fecc3541000-7fecc3542000 ---p 00000000 00:00 0 
7fecc3542000-7fecc3642000 rw-p 00000000 00:00 0 
7fecc3642000-7fecc3643000 ---p 00000000 00:00 0 
7fecc3643000-7fecc380e000 rw-p 00000000 00:00 0 
7fecc380e000-7fecc39d1000 ---p 00000000 00:00 0 
7fecc39d1000-7fecc3a9c000 rw-p 00000000 00:00 0 
7fecc3a9c000-7fecc3c5f000 ---p 00000000 00:00 0 
7fecc3c5f000-7fecc3da6000 rw-p 00000000 00:00 0 
7fecc3da6000-7fecc3dc9000 rw-p 00000000 00:00 0 
7fecc3dc9000-7fecc4167000 ---p 00000000 00:00 0 
7fecc4167000-7fecc49c7000 rwxp 00000000 00:00 0 
7fecc49c7000-7fecd3167000 ---p 00000000 00:00 0 
7fecd3167000-7fecd3182000 r-xp 00000000 08:07 1707792                    /usr/lib/jvm/java-8-oracle/jre/lib/amd64/libzip.so
7fecd3182000-7fecd3382000 ---p 0001b000 08:07 1707792                    /usr/lib/jvm/java-8-oracle/jre/lib/amd64/libzip.so
7fecd3382000-7fecd3383000 rw-p 0001b000 08:07 1707792                    /usr/lib/jvm/java-8-oracle/jre/lib/amd64/libzip.so
7fecd3383000-7fecd338e000 r-xp 00000000 08:07 1722636                    /lib/x86_64-linux-gnu/libnss_files-2.27.so
7fecd338e000-7fecd358d000 ---p 0000b000 08:07 1722636                    /lib/x86_64-linux-gnu/libnss_files-2.27.so
7fecd358d000-7fecd358e000 r--p 0000a000 08:07 1722636                    /lib/x86_64-linux-gnu/libnss_files-2.27.so
7fecd358e000-7fecd358f000 rw-p 0000b000 08:07 1722636                    /lib/x86_64-linux-gnu/libnss_files-2.27.so
7fecd358f000-7fecd3595000 rw-p 00000000 00:00 0 
7fecd3595000-7fecd35ac000 r-xp 00000000 08:07 1722633                    /lib/x86_64-linux-gnu/libnsl-2.27.so
7fecd35ac000-7fecd37ab000 ---p 00017000 08:07 1722633                    /lib/x86_64-linux-gnu/libnsl-2.27.so
7fecd37ab000-7fecd37ac000 r--p 00016000 08:07 1722633                    /lib/x86_64-linux-gnu/libnsl-2.27.so
7fecd37ac000-7fecd37ad000 rw-p 00017000 08:07 1722633                    /lib/x86_64-linux-gnu/libnsl-2.27.so
7fecd37ad000-7fecd37af000 rw-p 00000000 00:00 0 
7fecd37af000-7fecd37ba000 r-xp 00000000 08:07 1722638                    /lib/x86_64-linux-gnu/libnss_nis-2.27.so
7fecd37ba000-7fecd39b9000 ---p 0000b000 08:07 1722638                    /lib/x86_64-linux-gnu/libnss_nis-2.27.so
7fecd39b9000-7fecd39ba000 r--p 0000a000 08:07 1722638                    /lib/x86_64-linux-gnu/libnss_nis-2.27.so
7fecd39ba000-7fecd39bb000 rw-p 0000b000 08:07 1722638                    /lib/x86_64-linux-gnu/libnss_nis-2.27.so
7fecd39bb000-7fecd39c3000 r-xp 00000000 08:07 1722634                    /lib/x86_64-linux-gnu/libnss_compat-2.27.so
7fecd39c3000-7fecd3bc3000 ---p 00008000 08:07 1722634                    /lib/x86_64-linux-gnu/libnss_compat-2.27.so
7fecd3bc3000-7fecd3bc4000 r--p 00008000 08:07 1722634                    /lib/x86_64-linux-gnu/libnss_compat-2.27.so
7fecd3bc4000-7fecd3bc5000 rw-p 00009000 08:07 1722634                    /lib/x86_64-linux-gnu/libnss_compat-2.27.so
7fecd3bc5000-7fecd3bf0000 r-xp 00000000 08:07 1707786                    /usr/lib/jvm/java-8-oracle/jre/lib/amd64/libjava.so
7fecd3bf0000-7fecd3def000 ---p 0002b000 08:07 1707786                    /usr/lib/jvm/java-8-oracle/jre/lib/amd64/libjava.so
7fecd3def000-7fecd3df1000 rw-p 0002a000 08:07 1707786                    /usr/lib/jvm/java-8-oracle/jre/lib/amd64/libjava.so
7fecd3df1000-7fecd3dfe000 r-xp 00000000 08:07 1707791                    /usr/lib/jvm/java-8-oracle/jre/lib/amd64/libverify.so
7fecd3dfe000-7fecd3ffe000 ---p 0000d000 08:07 1707791                    /usr/lib/jvm/java-8-oracle/jre/lib/amd64/libverify.so
7fecd3ffe000-7fecd4000000 rw-p 0000d000 08:07 1707791                    /usr/lib/jvm/java-8-oracle/jre/lib/amd64/libverify.so
7fecd4000000-7fecd4724000 rw-p 00000000 00:00 0 
7fecd4724000-7fecd8000000 ---p 00000000 00:00 0 
7fecd8000000-7fecd8001000 r--s 00000000 08:06 1579935                    /home/rashad/.vscode/extensions/adamvoss.vscode-languagetool-3.8.0/lib/languagetool-languageserver/build/install/languagetool-languageserver/lib/flexmark-all-0.19.1.jar
7fecd8001000-7fecd8003000 r--s 00003000 08:06 1579937                    /home/rashad/.vscode/extensions/adamvoss.vscode-languagetool-3.8.0/lib/languagetool-languageserver/build/install/languagetool-languageserver/lib/flexmark-ext-anchorlink-0.19.1.jar
7fecd8003000-7fecd8004000 ---p 00000000 00:00 0 
7fecd8004000-7fecd8104000 rw-p 00000000 00:00 0 
7fecd8104000-7fecd810b000 r-xp 00000000 08:07 1722643                    /lib/x86_64-linux-gnu/librt-2.27.so
7fecd810b000-7fecd830a000 ---p 00007000 08:07 1722643                    /lib/x86_64-linux-gnu/librt-2.27.so
7fecd830a000-7fecd830b000 r--p 00006000 08:07 1722643                    /lib/x86_64-linux-gnu/librt-2.27.so
7fecd830b000-7fecd830c000 rw-p 00007000 08:07 1722643                    /lib/x86_64-linux-gnu/librt-2.27.so
7fecd830c000-7fecd84a9000 r-xp 00000000 08:07 1722630                    /lib/x86_64-linux-gnu/libm-2.27.so
7fecd84a9000-7fecd86a8000 ---p 0019d000 08:07 1722630                    /lib/x86_64-linux-gnu/libm-2.27.so
7fecd86a8000-7fecd86a9000 r--p 0019c000 08:07 1722630                    /lib/x86_64-linux-gnu/libm-2.27.so
7fecd86a9000-7fecd86aa000 rw-p 0019d000 08:07 1722630                    /lib/x86_64-linux-gnu/libm-2.27.so
7fecd86aa000-7fecd9386000 r-xp 00000000 08:07 1707768                    /usr/lib/jvm/java-8-oracle/jre/lib/amd64/server/libjvm.so
7fecd9386000-7fecd9586000 ---p 00cdc000 08:07 1707768                    /usr/lib/jvm/java-8-oracle/jre/lib/amd64/server/libjvm.so
7fecd9586000-7fecd9660000 rw-p 00cdc000 08:07 1707768                    /usr/lib/jvm/java-8-oracle/jre/lib/amd64/server/libjvm.so
7fecd9660000-7fecd96ab000 rw-p 00000000 00:00 0 
7fecd96ab000-7fecd9892000 r-xp 00000000 08:07 1722626                    /lib/x86_64-linux-gnu/libc-2.27.so
7fecd9892000-7fecd9a92000 ---p 001e7000 08:07 1722626                    /lib/x86_64-linux-gnu/libc-2.27.so
7fecd9a92000-7fecd9a96000 r--p 001e7000 08:07 1722626                    /lib/x86_64-linux-gnu/libc-2.27.so
7fecd9a96000-7fecd9a98000 rw-p 001eb000 08:07 1722626                    /lib/x86_64-linux-gnu/libc-2.27.so
7fecd9a98000-7fecd9a9c000 rw-p 00000000 00:00 0 
7fecd9a9c000-7fecd9a9f000 r-xp 00000000 08:07 1722629                    /lib/x86_64-linux-gnu/libdl-2.27.so
7fecd9a9f000-7fecd9c9e000 ---p 00003000 08:07 1722629                    /lib/x86_64-linux-gnu/libdl-2.27.so
7fecd9c9e000-7fecd9c9f000 r--p 00002000 08:07 1722629                    /lib/x86_64-linux-gnu/libdl-2.27.so
7fecd9c9f000-7fecd9ca0000 rw-p 00003000 08:07 1722629                    /lib/x86_64-linux-gnu/libdl-2.27.so
7fecd9ca0000-7fecd9cb6000 r-xp 00000000 08:07 1707763                    /usr/lib/jvm/java-8-oracle/jre/lib/amd64/jli/libjli.so
7fecd9cb6000-7fecd9eb5000 ---p 00016000 08:07 1707763                    /usr/lib/jvm/java-8-oracle/jre/lib/amd64/jli/libjli.so
7fecd9eb5000-7fecd9eb6000 rw-p 00015000 08:07 1707763                    /usr/lib/jvm/java-8-oracle/jre/lib/amd64/jli/libjli.so
7fecd9eb6000-7fecd9ed0000 r-xp 00000000 08:07 1722641                    /lib/x86_64-linux-gnu/libpthread-2.27.so
7fecd9ed0000-7fecda0cf000 ---p 0001a000 08:07 1722641                    /lib/x86_64-linux-gnu/libpthread-2.27.so
7fecda0cf000-7fecda0d0000 r--p 00019000 08:07 1722641                    /lib/x86_64-linux-gnu/libpthread-2.27.so
7fecda0d0000-7fecda0d1000 rw-p 0001a000 08:07 1722641                    /lib/x86_64-linux-gnu/libpthread-2.27.so
7fecda0d1000-7fecda0d5000 rw-p 00000000 00:00 0 
7fecda0d5000-7fecda0fc000 r-xp 00000000 08:07 1722612                    /lib/x86_64-linux-gnu/ld-2.27.so
7fecda0fc000-7fecda0fd000 r--s 0000b000 08:06 1579941                    /home/rashad/.vscode/extensions/adamvoss.vscode-languagetool-3.8.0/lib/languagetool-languageserver/build/install/languagetool-languageserver/lib/flexmark-ext-emoji-0.19.1.jar
7fecda0fd000-7fecda106000 r--s 0004f000 08:06 1579934                    /home/rashad/.vscode/extensions/adamvoss.vscode-languagetool-3.8.0/lib/languagetool-languageserver/build/install/languagetool-languageserver/lib/flexmark-0.19.1.jar
7fecda106000-7fecda1aa000 rw-p 00000000 00:00 0 
7fecda1aa000-7fecda1ab000 ---p 00000000 00:00 0 
7fecda1ab000-7fecda1ae000 ---p 00000000 00:00 0 
7fecda1ae000-7fecda2ad000 rw-p 00000000 00:00 0 
7fecda2ad000-7fecda2af000 r--s 00007000 08:06 1579936                    /home/rashad/.vscode/extensions/adamvoss.vscode-languagetool-3.8.0/lib/languagetool-languageserver/build/install/languagetool-languageserver/lib/flexmark-ext-abbreviation-0.19.1.jar
7fecda2af000-7fecda2b0000 r--s 00006000 08:06 1579959                    /home/rashad/.vscode/extensions/adamvoss.vscode-languagetool-3.8.0/lib/languagetool-languageserver/build/install/languagetool-languageserver/lib/flexmark-html-parser-0.19.1.jar
7fecda2b0000-7fecda2b2000 r--s 00002000 08:06 1579938                    /home/rashad/.vscode/extensions/adamvoss.vscode-languagetool-3.8.0/lib/languagetool-languageserver/build/install/languagetool-languageserver/lib/flexmark-ext-aside-0.19.1.jar
7fecda2b2000-7fecda2b4000 r--s 00004000 08:06 1579949                    /home/rashad/.vscode/extensions/adamvoss.vscode-languagetool-3.8.0/lib/languagetool-languageserver/build/install/languagetool-languageserver/lib/flexmark-ext-jekyll-tag-0.19.1.jar
7fecda2b4000-7fecda2bc000 r--s 0007b000 08:06 1579980                    /home/rashad/.vscode/extensions/adamvoss.vscode-languagetool-3.8.0/lib/languagetool-languageserver/build/install/languagetool-languageserver/lib/languagetool-core-3.8.jar
7fecda2bc000-7fecda2c4000 r--s 00062000 08:06 1579982                    /home/rashad/.vscode/extensions/adamvoss.vscode-languagetool-3.8.0/lib/languagetool-languageserver/build/install/languagetool-languageserver/lib/lucene-backward-codecs-5.5.3.jar
7fecda2c4000-7fecda2c6000 r--s 00002000 08:06 1579947                    /home/rashad/.vscode/extensions/adamvoss.vscode-languagetool-3.8.0/lib/languagetool-languageserver/build/install/languagetool-languageserver/lib/flexmark-ext-ins-0.19.1.jar
7fecda2c6000-7fecda2c8000 r--s 00007000 08:06 1579945                    /home/rashad/.vscode/extensions/adamvoss.vscode-languagetool-3.8.0/lib/languagetool-languageserver/build/install/languagetool-languageserver/lib/flexmark-ext-gfm-tables-0.19.1.jar
7fecda2c8000-7fecda2c9000 r--s 00005000 08:06 1579993                    /home/rashad/.vscode/extensions/adamvoss.vscode-languagetool-3.8.0/lib/languagetool-languageserver/build/install/languagetool-languageserver/lib/org.eclipse.lsp4j.generator-0.2.0.jar
7fecda2c9000-7fecda2f0000 rw-p 00000000 00:00 0 
7fecda2f0000-7fecda2f8000 rw-s 00000000 08:07 131114                     /tmp/hsperfdata_rashad/17685
7fecda2f8000-7fecda2f9000 rw-p 00000000 00:00 0 
7fecda2f9000-7fecda2fa000 ---p 00000000 00:00 0 
7fecda2fa000-7fecda2fc000 rw-p 00000000 00:00 0 
7fecda2fc000-7fecda2fd000 r--p 00027000 08:07 1722612                    /lib/x86_64-linux-gnu/ld-2.27.so
7fecda2fd000-7fecda2fe000 rw-p 00028000 08:07 1722612                    /lib/x86_64-linux-gnu/ld-2.27.so
7fecda2fe000-7fecda2ff000 rw-p 00000000 00:00 0 
7fff77c02000-7fff77c24000 rw-p 00000000 00:00 0                          [stack]
7fff77db8000-7fff77dbb000 r--p 00000000 00:00 0                          [vvar]
7fff77dbb000-7fff77dbd000 r-xp 00000000 00:00 0                          [vdso]
ffffffffff600000-ffffffffff601000 r-xp 00000000 00:00 0                  [vsyscall]

VM Arguments:
java_command: App 33981
java_class_path (initial): /home/rashad/.vscode/extensions/adamvoss.vscode-languagetool-3.8.0/lib/languagetool-languageserver/build/install/languagetool-languageserver/lib/org.eclipse.lsp4j.generator-0.2.0.jar:/home/rashad/.vscode/extensions/adamvoss.vscode-languagetool-3.8.0/lib/languagetool-languageserver/build/install/languagetool-languageserver/lib/flexmark-ext-gfm-tables-0.19.1.jar:/home/rashad/.vscode/extensions/adamvoss.vscode-languagetool-3.8.0/lib/languagetool-languageserver/build/install/languagetool-languageserver/lib/flexmark-ext-ins-0.19.1.jar:/home/rashad/.vscode/extensions/adamvoss.vscode-languagetool-3.8.0/lib/languagetool-languageserver/build/install/languagetool-languageserver/lib/lucene-backward-codecs-5.5.3.jar:/home/rashad/.vscode/extensions/adamvoss.vscode-languagetool-3.8.0/lib/languagetool-languageserver/build/install/languagetool-languageserver/lib/languagetool-core-3.8.jar:/home/rashad/.vscode/extensions/adamvoss.vscode-languagetool-3.8.0/lib/languagetool-languageserver/build/install/languagetool-languageserver/lib/pdfbox-2.0.4.jar:/home/rashad/.vscode/extensions/adamvoss.vscode-languagetool-3.8.0/lib/languagetool-languageserver/build/install/languagetool-languageserver/lib/lucene-core-5.5.3.jar:/home/rashad/.vscode/extensions/adamvoss.vscode-languagetool-3.8.0/lib/languagetool-languageserver/build/install/languagetool-languageserver/lib/flexmark-ext-jekyll-tag-0.19.1.jar:/home/rashad/.vscode/extensions/adamvoss.vscode-languagetool-3.8.0/lib/languagetool-languageserver/build/install/languagetool-languageserver/lib/flexmark-ext-aside-0.19.1.jar:/home/rashad/.vscode/extensions/adamvoss.vscode-languagetool-3.8.0/lib/languagetool-languageserver/build/install/languagetool-languageserver/lib/flexmark-0.19.1.jar:/home/rashad/.vscode/extensions/adamvoss.vscode-languagetool-3.8.0/lib/languagetool-languageserver/build/install/languagetool-languageserver/lib/flexmark-html-parser-0.19.1.jar:/home/rashad/.vscode/extensions/adamvoss.vscode-languagetool
Launcher Type: SUN_STANDARD

Environment Variables:
PATH=/opt/ros/melodic/bin:/usr/local/cuda-10.0/bin:/usr/local/cuda-10.0/bin:/opt/gcc-arm-none-eabi-6-2017-q2-update/bin:/home/rashad/bin:/home/rashad/.local/bin:/usr/local/sbin:/usr/local/bin:/usr/sbin:/usr/bin:/sbin:/bin:/usr/games:/usr/local/games:/usr/local/cuda/bin:/home/rashad/bin:/snap/bin:/home/rashad/.local/bin:/usr/lib/ccache:/home/rashad/ardupilot/Tools/autotest:/home/rashad/Flutter/bin:/opt/ros/melodic/bin:/usr/local/cuda-10.0/bin:/home/rashad/Work/GitHub_Projects/ardupilot/Tools/autotest:/opt/gcc-arm-none-eabi-6-2017-q2-update/bin:/home/rashad/bin:/home/rashad/.local/bin:/usr/local/sbin:/usr/local/bin:/usr/sbin:/usr/bin:/sbin:/bin:/usr/games:/usr/local/games:/usr/local/cuda/bin:$HOME/bin:/snap/bin
USERNAME=rashad
LD_LIBRARY_PATH=/opt/ros/melodic/lib:/usr/local/cuda-10.0/lib64:
SHELL=/bin/bash
DISPLAY=:0

Signal Handlers:
SIGSEGV: [libjvm.so+0xad2a40], sa_mask[0]=11111111011111111101111111111110, sa_flags=SA_RESTART|SA_SIGINFO
SIGBUS: [libjvm.so+0xad2a40], sa_mask[0]=11111111011111111101111111111110, sa_flags=SA_RESTART|SA_SIGINFO
SIGFPE: [libjvm.so+0x92a610], sa_mask[0]=11111111011111111101111111111110, sa_flags=SA_RESTART|SA_SIGINFO
SIGPIPE: [libjvm.so+0x92a610], sa_mask[0]=11111111011111111101111111111110, sa_flags=SA_RESTART|SA_SIGINFO
SIGXFSZ: [libjvm.so+0x92a610], sa_mask[0]=11111111011111111101111111111110, sa_flags=SA_RESTART|SA_SIGINFO
SIGILL: [libjvm.so+0x92a610], sa_mask[0]=11111111011111111101111111111110, sa_flags=SA_RESTART|SA_SIGINFO
SIGUSR1: SIG_DFL, sa_mask[0]=00000000000000000000000000000000, sa_flags=none
SIGUSR2: [libjvm.so+0x92be70], sa_mask[0]=00000000000000000000000000000000, sa_flags=SA_RESTART|SA_SIGINFO
SIGHUP: [libjvm.so+0x92d270], sa_mask[0]=11111111011111111101111111111110, sa_flags=SA_RESTART|SA_SIGINFO
SIGINT: [libjvm.so+0x92d270], sa_mask[0]=11111111011111111101111111111110, sa_flags=SA_RESTART|SA_SIGINFO
SIGTERM: [libjvm.so+0x92d270], sa_mask[0]=11111111011111111101111111111110, sa_flags=SA_RESTART|SA_SIGINFO
SIGQUIT: [libjvm.so+0x92d270], sa_mask[0]=11111111011111111101111111111110, sa_flags=SA_RESTART|SA_SIGINFO


---------------  S Y S T E M  ---------------

OS:DISTRIB_ID=Ubuntu
DISTRIB_RELEASE=18.04
DISTRIB_CODENAME=bionic
DISTRIB_DESCRIPTION="Ubuntu 18.04.2 LTS"

uname:Linux 4.15.0-48-generic #51-Ubuntu SMP Wed Apr 3 08:28:49 UTC 2019 x86_64
libc:glibc 2.27 NPTL 2.27 
rlimit: STACK 8192k, CORE 0k, NPROC 30222, NOFILE 4096, AS infinity
load average:7.00 2.31 1.98

/proc/meminfo:
MemTotal:        8030668 kB
MemFree:          140380 kB
MemAvailable:      63324 kB
Buffers:            1248 kB
Cached:          1247824 kB
SwapCached:            0 kB
Active:          6218524 kB
Inactive:        1204228 kB
Active(anon):    6192596 kB
Inactive(anon):  1175556 kB
Active(file):      25928 kB
Inactive(file):    28672 kB
Unevictable:          48 kB
Mlocked:              48 kB
SwapTotal:             0 kB
SwapFree:              0 kB
Dirty:               464 kB
Writeback:             0 kB
AnonPages:       6174932 kB
Mapped:           394336 kB
Shmem:           1193252 kB
Slab:             169528 kB
SReclaimable:      73220 kB
SUnreclaim:        96308 kB
KernelStack:       21776 kB
PageTables:       107800 kB
NFS_Unstable:          0 kB
Bounce:                0 kB
WritebackTmp:          0 kB
CommitLimit:     4015332 kB
Committed_AS:   19603964 kB
VmallocTotal:   34359738367 kB
VmallocUsed:           0 kB
VmallocChunk:          0 kB
HardwareCorrupted:     0 kB
AnonHugePages:         0 kB
ShmemHugePages:        0 kB
ShmemPmdMapped:        0 kB
CmaTotal:              0 kB
CmaFree:               0 kB
HugePages_Total:       0
HugePages_Free:        0
HugePages_Rsvd:        0
HugePages_Surp:        0
Hugepagesize:       2048 kB
DirectMap4k:     1303204 kB
DirectMap2M:     6948864 kB
DirectMap1G:           0 kB


CPU:total 8 (initial active 8) (4 cores per cpu, 2 threads per core) family 6 model 158 stepping 9, cmov, cx8, fxsr, mmx, sse, sse2, sse3, ssse3, sse4.1, sse4.2, popcnt, avx, avx2, aes, clmul, erms, 3dnowpref, lzcnt, ht, tsc, tscinvbit, bmi1, bmi2, adx

/proc/cpuinfo:
processor	: 0
vendor_id	: GenuineIntel
cpu family	: 6
model		: 158
model name	: Intel(R) Core(TM) i7-7700HQ CPU @ 2.80GHz
stepping	: 9
microcode	: 0x8e
cpu MHz		: 899.290
cache size	: 6144 KB
physical id	: 0
siblings	: 8
core id		: 0
cpu cores	: 4
apicid		: 0
initial apicid	: 0
fpu		: yes
fpu_exception	: yes
cpuid level	: 22
wp		: yes
flags		: fpu vme de pse tsc msr pae mce cx8 apic sep mtrr pge mca cmov pat pse36 clflush dts acpi mmx fxsr sse sse2 ss ht tm pbe syscall nx pdpe1gb rdtscp lm constant_tsc art arch_perfmon pebs bts rep_good nopl xtopology nonstop_tsc cpuid aperfmperf tsc_known_freq pni pclmulqdq dtes64 monitor ds_cpl vmx est tm2 ssse3 sdbg fma cx16 xtpr pdcm pcid sse4_1 sse4_2 x2apic movbe popcnt tsc_deadline_timer aes xsave avx f16c rdrand lahf_lm abm 3dnowprefetch cpuid_fault epb invpcid_single pti ssbd ibrs ibpb stibp tpr_shadow vnmi flexpriority ept vpid fsgsbase tsc_adjust bmi1 avx2 smep bmi2 erms invpcid mpx rdseed adx smap clflushopt intel_pt xsaveopt xsavec xgetbv1 xsaves dtherm ida arat pln pts hwp hwp_notify hwp_act_window hwp_epp flush_l1d
bugs		: cpu_meltdown spectre_v1 spectre_v2 spec_store_bypass l1tf
bogomips	: 5616.00
clflush size	: 64
cache_alignment	: 64
address sizes	: 39 bits physical, 48 bits virtual
power management:

processor	: 1
vendor_id	: GenuineIntel
cpu family	: 6
model		: 158
model name	: Intel(R) Core(TM) i7-7700HQ CPU @ 2.80GHz
stepping	: 9
microcode	: 0x8e
cpu MHz		: 900.392
cache size	: 6144 KB
physical id	: 0
siblings	: 8
core id		: 1
cpu cores	: 4
apicid		: 2
initial apicid	: 2
fpu		: yes
fpu_exception	: yes
cpuid level	: 22
wp		: yes
flags		: fpu vme de pse tsc msr pae mce cx8 apic sep mtrr pge mca cmov pat pse36 clflush dts acpi mmx fxsr sse sse2 ss ht tm pbe syscall nx pdpe1gb rdtscp lm constant_tsc art arch_perfmon pebs bts rep_good nopl xtopology nonstop_tsc cpuid aperfmperf tsc_known_freq pni pclmulqdq dtes64 monitor ds_cpl vmx est tm2 ssse3 sdbg fma cx16 xtpr pdcm pcid sse4_1 sse4_2 x2apic movbe popcnt tsc_deadline_timer aes xsave avx f16c rdrand lahf_lm abm 3dnowprefetch cpuid_fault epb invpcid_single pti ssbd ibrs ibpb stibp tpr_shadow vnmi flexpriority ept vpid fsgsbase tsc_adjust bmi1 avx2 smep bmi2 erms invpcid mpx rdseed adx smap clflushopt intel_pt xsaveopt xsavec xgetbv1 xsaves dtherm ida arat pln pts hwp hwp_notify hwp_act_window hwp_epp flush_l1d
bugs		: cpu_meltdown spectre_v1 spectre_v2 spec_store_bypass l1tf
bogomips	: 5616.00
clflush size	: 64
cache_alignment	: 64
address sizes	: 39 bits physical, 48 bits virtual
power management:

processor	: 2
vendor_id	: GenuineIntel
cpu family	: 6
model		: 158
model name	: Intel(R) Core(TM) i7-7700HQ CPU @ 2.80GHz
stepping	: 9
microcode	: 0x8e
cpu MHz		: 913.831
cache size	: 6144 KB
physical id	: 0
siblings	: 8
core id		: 2
cpu cores	: 4
apicid		: 4
initial apicid	: 4
fpu		: yes
fpu_exception	: yes
cpuid level	: 22
wp		: yes
flags		: fpu vme de pse tsc msr pae mce cx8 apic sep mtrr pge mca cmov pat pse36 clflush dts acpi mmx fxsr sse sse2 ss ht tm pbe syscall nx pdpe1gb rdtscp lm constant_tsc art arch_perfmon pebs bts rep_good nopl xtopology nonstop_tsc cpuid aperfmperf tsc_known_freq pni pclmulqdq dtes64 monitor ds_cpl vmx est tm2 ssse3 sdbg fma cx16 xtpr pdcm pcid sse4_1 sse4_2 x2apic movbe popcnt tsc_deadline_timer aes xsave avx f16c rdrand lahf_lm abm 3dnowprefetch cpuid_fault epb invpcid_single pti ssbd ibrs ibpb stibp tpr_shadow vnmi flexpriority ept vpid fsgsbase tsc_adjust bmi1 avx2 smep bmi2 erms invpcid mpx rdseed adx smap clflushopt intel_pt xsaveopt xsavec xgetbv1 xsaves dtherm ida arat pln pts hwp hwp_notify hwp_act_window hwp_epp flush_l1d
bugs		: cpu_meltdown spectre_v1 spectre_v2 spec_store_bypass l1tf
bogomips	: 5616.00
clflush size	: 64
cache_alignment	: 64
address sizes	: 39 bits physical, 48 bits virtual
power management:

processor	: 3
vendor_id	: GenuineIntel
cpu family	: 6
model		: 158
model name	: Intel(R) Core(TM) i7-7700HQ CPU @ 2.80GHz
stepping	: 9
microcode	: 0x8e
cpu MHz		: 920.177
cache size	: 6144 KB
physical id	: 0
siblings	: 8
core id		: 3
cpu cores	: 4
apicid		: 6
initial apicid	: 6
fpu		: yes
fpu_exception	: yes
cpuid level	: 22
wp		: yes
flags		: fpu vme de pse tsc msr pae mce cx8 apic sep mtrr pge mca cmov pat pse36 clflush dts acpi mmx fxsr sse sse2 ss ht tm pbe syscall nx pdpe1gb rdtscp lm constant_tsc art arch_perfmon pebs bts rep_good nopl xtopology nonstop_tsc cpuid aperfmperf tsc_known_freq pni pclmulqdq dtes64 monitor ds_cpl vmx est tm2 ssse3 sdbg fma cx16 xtpr pdcm pcid sse4_1 sse4_2 x2apic movbe popcnt tsc_deadline_timer aes xsave avx f16c rdrand lahf_lm abm 3dnowprefetch cpuid_fault epb invpcid_single pti ssbd ibrs ibpb stibp tpr_shadow vnmi flexpriority ept vpid fsgsbase tsc_adjust bmi1 avx2 smep bmi2 erms invpcid mpx rdseed adx smap clflushopt intel_pt xsaveopt xsavec xgetbv1 xsaves dtherm ida arat pln pts hwp hwp_notify hwp_act_window hwp_epp flush_l1d
bugs		: cpu_meltdown spectre_v1 spectre_v2 spec_store_bypass l1tf
bogomips	: 5616.00
clflush size	: 64
cache_alignment	: 64
address sizes	: 39 bits physical, 48 bits virtual
power management:

processor	: 4
vendor_id	: GenuineIntel
cpu family	: 6
model		: 158
model name	: Intel(R) Core(TM) i7-7700HQ CPU @ 2.80GHz
stepping	: 9
microcode	: 0x8e
cpu MHz		: 920.704
cache size	: 6144 KB
physical id	: 0
siblings	: 8
core id		: 0
cpu cores	: 4
apicid		: 1
initial apicid	: 1
fpu		: yes
fpu_exception	: yes
cpuid level	: 22
wp		: yes
flags		: fpu vme de pse tsc msr pae mce cx8 apic sep mtrr pge mca cmov pat pse36 clflush dts acpi mmx fxsr sse sse2 ss ht tm pbe syscall nx pdpe1gb rdtscp lm constant_tsc art arch_perfmon pebs bts rep_good nopl xtopology nonstop_tsc cpuid aperfmperf tsc_known_freq pni pclmulqdq dtes64 monitor ds_cpl vmx est tm2 ssse3 sdbg fma cx16 xtpr pdcm pcid sse4_1 sse4_2 x2apic movbe popcnt tsc_deadline_timer aes xsave avx f16c rdrand lahf_lm abm 3dnowprefetch cpuid_fault epb invpcid_single pti ssbd ibrs ibpb stibp tpr_shadow vnmi flexpriority ept vpid fsgsbase tsc_adjust bmi1 avx2 smep bmi2 erms invpcid mpx rdseed adx smap clflushopt intel_pt xsaveopt xsavec xgetbv1 xsaves dtherm ida arat pln pts hwp hwp_notify hwp_act_window hwp_epp flush_l1d
bugs		: cpu_meltdown spectre_v1 spectre_v2 spec_store_bypass l1tf
bogomips	: 5616.00
clflush size	: 64
cache_alignment	: 64
address sizes	: 39 bits physical, 48 bits virtual
power management:

processor	: 5
vendor_id	: GenuineIntel
cpu family	: 6
model		: 158
model name	: Intel(R) Core(TM) i7-7700HQ CPU @ 2.80GHz
stepping	: 9
microcode	: 0x8e
cpu MHz		: 899.063
cache size	: 6144 KB
physical id	: 0
siblings	: 8
core id		: 1
cpu cores	: 4
apicid		: 3
initial apicid	: 3
fpu		: yes
fpu_exception	: yes
cpuid level	: 22
wp		: yes
flags		: fpu vme de pse tsc msr pae mce cx8 apic sep mtrr pge mca cmov pat pse36 clflush dts acpi mmx fxsr sse sse2 ss ht tm pbe syscall nx pdpe1gb rdtscp lm constant_tsc art arch_perfmon pebs bts rep_good nopl xtopology nonstop_tsc cpuid aperfmperf tsc_known_freq pni pclmulqdq dtes64 monitor ds_cpl vmx est tm2 ssse3 sdbg fma cx16 xtpr pdcm pcid sse4_1 sse4_2 x2apic movbe popcnt tsc_deadline_timer aes xsave avx f16c rdrand lahf_lm abm 3dnowprefetch cpuid_fault epb invpcid_single pti ssbd ibrs ibpb stibp tpr_shadow vnmi flexpriority ept vpid fsgsbase tsc_adjust bmi1 avx2 smep bmi2 erms invpcid mpx rdseed adx smap clflushopt intel_pt xsaveopt xsavec xgetbv1 xsaves dtherm ida arat pln pts hwp hwp_notify hwp_act_window hwp_epp flush_l1d
bugs		: cpu_meltdown spectre_v1 spectre_v2 spec_store_bypass l1tf
bogomips	: 5616.00
clflush size	: 64
cache_alignment	: 64
address sizes	: 39 bits physical, 48 bits virtual
power management:

processor	: 6
vendor_id	: GenuineIntel
cpu family	: 6
model		: 158
model name	: Intel(R) Core(TM) i7-7700HQ CPU @ 2.80GHz
stepping	: 9
microcode	: 0x8e
cpu MHz		: 902.609
cache size	: 6144 KB
physical id	: 0
siblings	: 8
core id		: 2
cpu cores	: 4
apicid		: 5
initial apicid	: 5
fpu		: yes
fpu_exception	: yes
cpuid level	: 22
wp		: yes
flags		: fpu vme de pse tsc msr pae mce cx8 apic sep mtrr pge mca cmov pat pse36 clflush dts acpi mmx fxsr sse sse2 ss ht tm pbe syscall nx pdpe1gb rdtscp lm constant_tsc art arch_perfmon pebs bts rep_good nopl xtopology nonstop_tsc cpuid aperfmperf tsc_known_freq pni pclmulqdq dtes64 monitor ds_cpl vmx est tm2 ssse3 sdbg fma cx16 xtpr pdcm pcid sse4_1 sse4_2 x2apic movbe popcnt tsc_deadline_timer aes xsave avx f16c rdrand lahf_lm abm 3dnowprefetch cpuid_fault epb invpcid_single pti ssbd ibrs ibpb stibp tpr_shadow vnmi flexpriority ept vpid fsgsbase tsc_adjust bmi1 avx2 smep bmi2 erms invpcid mpx rdseed adx smap clflushopt intel_pt xsaveopt xsavec xgetbv1 xsaves dtherm ida arat pln pts hwp hwp_notify hwp_act_window hwp_epp flush_l1d
bugs		: cpu_meltdown spectre_v1 spectre_v2 spec_store_bypass l1tf
bogomips	: 5616.00
clflush size	: 64
cache_alignment	: 64
address sizes	: 39 bits physical, 48 bits virtual
power management:

processor	: 7
vendor_id	: GenuineIntel
cpu family	: 6
model		: 158
model name	: Intel(R) Core(TM) i7-7700HQ CPU @ 2.80GHz
stepping	: 9
microcode	: 0x8e
cpu MHz		: 899.405
cache size	: 6144 KB
physical id	: 0
siblings	: 8
core id		: 3
cpu cores	: 4
apicid		: 7
initial apicid	: 7
fpu		: yes
fpu_exception	: yes
cpuid level	: 22
wp		: yes
flags		: fpu vme de pse tsc msr pae mce cx8 apic sep mtrr pge mca cmov pat pse36 clflush dts acpi mmx fxsr sse sse2 ss ht tm pbe syscall nx pdpe1gb rdtscp lm constant_tsc art arch_perfmon pebs bts rep_good nopl xtopology nonstop_tsc cpuid aperfmperf tsc_known_freq pni pclmulqdq dtes64 monitor ds_cpl vmx est tm2 ssse3 sdbg fma cx16 xtpr pdcm pcid sse4_1 sse4_2 x2apic movbe popcnt tsc_deadline_timer aes xsave avx f16c rdrand lahf_lm abm 3dnowprefetch cpuid_fault epb invpcid_single pti ssbd ibrs ibpb stibp tpr_shadow vnmi flexpriority ept vpid fsgsbase tsc_adjust bmi1 avx2 smep bmi2 erms invpcid mpx rdseed adx smap clflushopt intel_pt xsaveopt xsavec xgetbv1 xsaves dtherm ida arat pln pts hwp hwp_notify hwp_act_window hwp_epp flush_l1d
bugs		: cpu_meltdown spectre_v1 spectre_v2 spec_store_bypass l1tf
bogomips	: 5616.00
clflush size	: 64
cache_alignment	: 64
address sizes	: 39 bits physical, 48 bits virtual
power management:



Memory: 4k page, physical 8030668k(140200k free), swap 0k(0k free)

vm_info: Java HotSpot(TM) 64-Bit Server VM (25.181-b13) for linux-amd64 JRE (1.8.0_181-b13), built on Jul  7 2018 00:56:38 by "java_re" with gcc 4.3.0 20080428 (Red Hat 4.3.0-8)

time: Fri May 31 14:35:01 2019
elapsed time: 2520 seconds (0d 0h 42m 0s)

